<?xml version="1.0" encoding="UTF-8"?>
<testng-results skipped="0" failed="0" total="1" passed="1">
  <reporter-output>
  </reporter-output>
  <suite name="Default suite" duration-ms="102965" started-at="2013-06-24T03:41:57Z" finished-at="2013-06-24T03:43:40Z">
    <groups>
    </groups>
    <test name="Default test" duration-ms="102965" started-at="2013-06-24T03:41:57Z" finished-at="2013-06-24T03:43:40Z">
      <class name="com.topicMe.tika.ExtractHTMLTest">
        <test-method status="PASS" signature="testExtractPDF()[pri:0, instance:com.topicMe.tika.ExtractHTMLTest@53491ddc]" name="testExtractPDF" duration-ms="102949" started-at="2013-06-23T20:41:57Z" finished-at="2013-06-23T20:43:40Z">
          <reporter-output>
          </reporter-output>
        </test-method> <!-- testExtractPDF -->
        <test-method status="PASS" signature="tearDownMethod()[pri:0, instance:com.topicMe.tika.ExtractHTMLTest@53491ddc]" name="tearDownMethod" is-config="true" duration-ms="2" started-at="2013-06-23T20:43:40Z" finished-at="2013-06-23T20:43:40Z">
          <reporter-output>
          </reporter-output>
        </test-method> <!-- tearDownMethod -->
      </class> <!-- com.topicMe.tika.ExtractHTMLTest -->
    </test> <!-- Default test -->
  </suite> <!-- Default suite -->
</testng-results>
