<?xml version="1.0" encoding="UTF-8"?>
<testsuite hostname="Khoa-THINK" name="com.topicMe.businessdomain.dao.BoardDAOImplTest" tests="3" failures="0" timestamp="18 Aug 2013 00:06:57 GMT" time="0.168" errors="0">
  <testcase name="testMultipleTopicsWithSameBoard" time="0.132" classname="com.topicMe.businessdomain.dao.BoardDAOImplTest"/>
  <testcase name="testPersistBoard" time="0.006" classname="com.topicMe.businessdomain.dao.BoardDAOImplTest"/>
  <testcase name="testPersistBoardWithTopic" time="0.028" classname="com.topicMe.businessdomain.dao.BoardDAOImplTest"/>
</testsuite>
