<?xml version="1.0" encoding="UTF-8"?>
<testsuite hostname="Khoa-THINK" name="com.topicMe.tika.ExtractHTMLTest" tests="4" failures="0" timestamp="18 Aug 2013 00:07:12 GMT" time="14.355" errors="0">
  <testcase name="testExtractHTML" time="0.886" classname="com.topicMe.tika.ExtractHTMLTest"/>
  <testcase name="testExtractPDF" time="3.943" classname="com.topicMe.tika.ExtractHTMLTest"/>
  <testcase name="testExtractWebPage" time="2.604" classname="com.topicMe.tika.ExtractHTMLTest"/>
  <testcase name="testExtractWebPage2" time="6.92" classname="com.topicMe.tika.ExtractHTMLTest"/>
</testsuite>
